{"numFailedTestSuites":0,"numFailedTests":0,"numPassedTestSuites":1,"numPassedTests":3,"numPendingTestSuites":0,"numPendingTests":0,"numRuntimeErrorTestSuites":0,"numTodoTests":0,"numTotalTestSuites":1,"numTotalTests":3,"openHandles":[],"snapshot":{"added":0,"didUpdate":false,"failure":false,"filesAdded":0,"filesRemoved":0,"filesRemovedList":[],"filesUnmatched":0,"filesUpdated":0,"matched":0,"total":0,"unchecked":0,"uncheckedKeysByFile":[],"unmatched":0,"updated":0},"startTime":1786888017800,"success":true,"testResults":[{"assertionResults":[{"ancestorTitles":["Specialist End-to-End Workflow"],"duration":486,"failureDetails":[],"failureMessages":[],"fullName":"Specialist End-to-End Workflow Lock chat for non-selected specialists after client chooses one specialist","invocations":1,"location":null,"numPassingAsserts":7,"retryReasons":[],"status":"passed","title":"Lock chat for non-selected specialists after client chooses one specialist"},{"ancestorTitles":["Specialist End-to-End Workflow"],"duration":196,"failureDetails":[],"failureMessages":[],"fullName":"Specialist End-to-End Workflow Selected specialist can open application chat while waiting for confirmation","invocations":1,"location":null,"numPassingAsserts":9,"retryReasons":[],"status":"passed","title":"Selected specialist can open application chat while waiting for confirmation"},{"ancestorTitles":["Specialist End-to-End Workflow"],"duration":379,"failureDetails":[],"failureMessages":[],"fullName":"Specialist End-to-End Workflow E2E: Full customer→specialist workflow: create → respond → accept → confirm → work → review → close","invocations":1,"location":null,"numPassingAsserts":30,"retryReasons":[],"status":"passed","title":"E2E: Full customer→specialist workflow: create → respond → accept → confirm → work → review → close"}],"endTime":1786888024334,"message":"","name":"D:\\IT\\2026\\mywork\\mywork-1\\backend\\src\\tests\\specialist-e2e.test.js","startTime":1786888017922,"status":"passed","summary":""}],"wasInterrupted":false}
